Command: C:\Dev\Work\FormalVerification\tools\esbmc\bin\esbmc.exe harnesses\mosquitto\bridge_remap_double_free_harness_fixed.c --unwind 16 --no-unwinding-assertions --memory-leak-check

ESBMC version 8.3.0 64-bit x86_64 windows
Target: 64-bit little-endian x86_64-unknown-windows with esbmclibc
Parsing harnesses\mosquitto\bridge_remap_double_free_harness_fixed.c
Converting
Generating GOTO Program
GOTO program creation time: 0.401s
GOTO program processing time: 0.002s
Starting Bounded Model Checking
Unwinding loop 15 iteration 1   file D:/a/esbmc/esbmc/src/c2goto/library/string.c line 33 column 3 function strcpy
Unwinding loop 15 iteration 2   file D:/a/esbmc/esbmc/src/c2goto/library/string.c line 33 column 3 function strcpy
Unwinding loop 15 iteration 3   file D:/a/esbmc/esbmc/src/c2goto/library/string.c line 33 column 3 function strcpy
Unwinding loop 15 iteration 4   file D:/a/esbmc/esbmc/src/c2goto/library/string.c line 33 column 3 function strcpy
Unwinding loop 15 iteration 5   file D:/a/esbmc/esbmc/src/c2goto/library/string.c line 33 column 3 function strcpy
Unwinding loop 15 iteration 6   file D:/a/esbmc/esbmc/src/c2goto/library/string.c line 33 column 3 function strcpy
Unwinding loop 15 iteration 7   file D:/a/esbmc/esbmc/src/c2goto/library/string.c line 33 column 3 function strcpy
Unwinding loop 15 iteration 8   file D:/a/esbmc/esbmc/src/c2goto/library/string.c line 33 column 3 function strcpy
Unwinding loop 15 iteration 9   file D:/a/esbmc/esbmc/src/c2goto/library/string.c line 33 column 3 function strcpy
Unwinding loop 15 iteration 10   file D:/a/esbmc/esbmc/src/c2goto/library/string.c line 33 column 3 function strcpy
Unwinding loop 15 iteration 11   file D:/a/esbmc/esbmc/src/c2goto/library/string.c line 33 column 3 function strcpy
Unwinding loop 15 iteration 12   file D:/a/esbmc/esbmc/src/c2goto/library/string.c line 33 column 3 function strcpy
Symex completed in: 0.022s (155 assignments)
Caching time: 0.000s (removed 4 assertions)
Slicing time: 0.000s (removed 68 assignments)
Generated 168 VCC(s), 46 remaining after simplification (83 assignments)
No solver specified; defaulting to z3
Encoding remaining VCC(s) using bit-vector/floating-point arithmetic
Encoding to solver time: 0.000s
Solving with solver Z3 v4.13.3
Runtime decision procedure: 0.024s
BMC program time: 0.052s

VERIFICATION SUCCESSFUL
