Command: C:\Dev\Work\FormalVerification\tools\esbmc\bin\esbmc.exe harnesses\mosquitto\connect_memleak_harness.c --unwind 16 --no-unwinding-assertions --memory-leak-check

ESBMC version 8.3.0 64-bit x86_64 windows
Target: 64-bit little-endian x86_64-unknown-windows with esbmclibc
Parsing harnesses\mosquitto\connect_memleak_harness.c
Converting
Generating GOTO Program
GOTO program creation time: 0.388s
GOTO program processing time: 0.005s
Starting Bounded Model Checking
Unwinding loop 35 iteration 1   file harnesses\mosquitto\connect_memleak_harness.c line 179 column 5 function main
Unwinding loop 35 iteration 2   file harnesses\mosquitto\connect_memleak_harness.c line 179 column 5 function main
Unwinding loop 35 iteration 3   file harnesses\mosquitto\connect_memleak_harness.c line 179 column 5 function main
Unwinding loop 35 iteration 4   file harnesses\mosquitto\connect_memleak_harness.c line 179 column 5 function main
Unwinding loop 35 iteration 5   file harnesses\mosquitto\connect_memleak_harness.c line 179 column 5 function main
Unwinding loop 35 iteration 6   file harnesses\mosquitto\connect_memleak_harness.c line 179 column 5 function main
Unwinding loop 35 iteration 7   file harnesses\mosquitto\connect_memleak_harness.c line 179 column 5 function main
Unwinding loop 35 iteration 8   file harnesses\mosquitto\connect_memleak_harness.c line 179 column 5 function main
Unwinding loop 38 iteration 1   file D:/a/esbmc/esbmc/src/c2goto/library/string.c line 278 column 3 function __memcpy_impl
Unwinding loop 38 iteration 2   file D:/a/esbmc/esbmc/src/c2goto/library/string.c line 278 column 3 function __memcpy_impl
Unwinding loop 38 iteration 3   file D:/a/esbmc/esbmc/src/c2goto/library/string.c line 278 column 3 function __memcpy_impl
Unwinding loop 38 iteration 4   file D:/a/esbmc/esbmc/src/c2goto/library/string.c line 278 column 3 function __memcpy_impl
Unwinding loop 38 iteration 5   file D:/a/esbmc/esbmc/src/c2goto/library/string.c line 278 column 3 function __memcpy_impl
Unwinding loop 38 iteration 6   file D:/a/esbmc/esbmc/src/c2goto/library/string.c line 278 column 3 function __memcpy_impl
Unwinding loop 38 iteration 7   file D:/a/esbmc/esbmc/src/c2goto/library/string.c line 278 column 3 function __memcpy_impl
Unwinding loop 38 iteration 8   file D:/a/esbmc/esbmc/src/c2goto/library/string.c line 278 column 3 function __memcpy_impl
Unwinding loop 38 iteration 9   file D:/a/esbmc/esbmc/src/c2goto/library/string.c line 278 column 3 function __memcpy_impl
Unwinding loop 38 iteration 10   file D:/a/esbmc/esbmc/src/c2goto/library/string.c line 278 column 3 function __memcpy_impl
Unwinding loop 38 iteration 11   file D:/a/esbmc/esbmc/src/c2goto/library/string.c line 278 column 3 function __memcpy_impl
Unwinding loop 38 iteration 12   file D:/a/esbmc/esbmc/src/c2goto/library/string.c line 278 column 3 function __memcpy_impl
Unwinding loop 38 iteration 13   file D:/a/esbmc/esbmc/src/c2goto/library/string.c line 278 column 3 function __memcpy_impl
Unwinding loop 38 iteration 14   file D:/a/esbmc/esbmc/src/c2goto/library/string.c line 278 column 3 function __memcpy_impl
Unwinding loop 38 iteration 15   file D:/a/esbmc/esbmc/src/c2goto/library/string.c line 278 column 3 function __memcpy_impl
Not unwinding loop 38 iteration 16   file D:/a/esbmc/esbmc/src/c2goto/library/string.c line 278 column 3 function __memcpy_impl
Unwinding loop 38 iteration 1   file D:/a/esbmc/esbmc/src/c2goto/library/string.c line 278 column 3 function __memcpy_impl
Unwinding loop 38 iteration 2   file D:/a/esbmc/esbmc/src/c2goto/library/string.c line 278 column 3 function __memcpy_impl
Unwinding loop 38 iteration 3   file D:/a/esbmc/esbmc/src/c2goto/library/string.c line 278 column 3 function __memcpy_impl
Unwinding loop 38 iteration 4   file D:/a/esbmc/esbmc/src/c2goto/library/string.c line 278 column 3 function __memcpy_impl
Unwinding loop 38 iteration 5   file D:/a/esbmc/esbmc/src/c2goto/library/string.c line 278 column 3 function __memcpy_impl
Unwinding loop 38 iteration 6   file D:/a/esbmc/esbmc/src/c2goto/library/string.c line 278 column 3 function __memcpy_impl
Unwinding loop 38 iteration 7   file D:/a/esbmc/esbmc/src/c2goto/library/string.c line 278 column 3 function __memcpy_impl
Unwinding loop 38 iteration 8   file D:/a/esbmc/esbmc/src/c2goto/library/string.c line 278 column 3 function __memcpy_impl
Unwinding loop 38 iteration 9   file D:/a/esbmc/esbmc/src/c2goto/library/string.c line 278 column 3 function __memcpy_impl
Unwinding loop 38 iteration 10   file D:/a/esbmc/esbmc/src/c2goto/library/string.c line 278 column 3 function __memcpy_impl
Unwinding loop 38 iteration 11   file D:/a/esbmc/esbmc/src/c2goto/library/string.c line 278 column 3 function __memcpy_impl
Unwinding loop 38 iteration 12   file D:/a/esbmc/esbmc/src/c2goto/library/string.c line 278 column 3 function __memcpy_impl
Unwinding loop 38 iteration 13   file D:/a/esbmc/esbmc/src/c2goto/library/string.c line 278 column 3 function __memcpy_impl
Unwinding loop 38 iteration 14   file D:/a/esbmc/esbmc/src/c2goto/library/string.c line 278 column 3 function __memcpy_impl
Unwinding loop 38 iteration 15   file D:/a/esbmc/esbmc/src/c2goto/library/string.c line 278 column 3 function __memcpy_impl
Not unwinding loop 38 iteration 16   file D:/a/esbmc/esbmc/src/c2goto/library/string.c line 278 column 3 function __memcpy_impl
Symex completed in: 0.067s (706 assignments)
Caching time: 0.006s (removed 29 assertions)
Slicing time: 0.000s (removed 321 assignments)
Generated 440 VCC(s), 230 remaining after simplification (356 assignments)
No solver specified; defaulting to z3
Encoding remaining VCC(s) using bit-vector/floating-point arithmetic
Encoding to solver time: 0.006s
Solving with solver Z3 v4.13.3
Runtime decision procedure: 0.853s
Building error trace

[Counterexample]


State 1 file harnesses\mosquitto\connect_memleak_harness.c line 178 column 5 function main thread 0
----------------------------------------------------
  buf = { 0, 1, 0, 0, 0, 0, 0, 0 }

State 2 file harnesses\mosquitto\connect_memleak_harness.c line 180 column 18 function main thread 0
----------------------------------------------------
  buf[0] = 243 (11110011)

State 3 file harnesses\mosquitto\connect_memleak_harness.c line 180 column 18 function main thread 0
----------------------------------------------------
  buf[1] = 62 (00111110)

State 4 file harnesses\mosquitto\connect_memleak_harness.c line 180 column 18 function main thread 0
----------------------------------------------------
  buf[2] = 0 (00000000)

State 5 file harnesses\mosquitto\connect_memleak_harness.c line 180 column 18 function main thread 0
----------------------------------------------------
  buf[3] = 0 (00000000)

State 6 file harnesses\mosquitto\connect_memleak_harness.c line 180 column 18 function main thread 0
----------------------------------------------------
  buf[4] = 0 (00000000)

State 7 file harnesses\mosquitto\connect_memleak_harness.c line 180 column 18 function main thread 0
----------------------------------------------------
  buf[5] = 0 (00000000)

State 8 file harnesses\mosquitto\connect_memleak_harness.c line 180 column 18 function main thread 0
----------------------------------------------------
  buf[6] = 0 (00000000)

State 9 file harnesses\mosquitto\connect_memleak_harness.c line 180 column 18 function main thread 0
----------------------------------------------------
  buf[7] = 0 (00000000)

State 10 file harnesses\mosquitto\connect_memleak_harness.c line 184 column 5 function main thread 0
----------------------------------------------------
  datalen = 1 (00000000 00000000 00000000 00000001)

State 14 file harnesses\mosquitto\connect_memleak_harness.c line 55 column 5 function process_connect_will_vulnerable thread 0
----------------------------------------------------
  will_struct = ( struct will_message *)(&dynamic_1_array[0])

State 15 file harnesses\mosquitto\connect_memleak_harness.c line 195 column 1 function main thread 0
----------------------------------------------------
Violated property:
  file harnesses\mosquitto\connect_memleak_harness.c line 195 column 1 function main
  dereference failure: forgotten memory: dynamic_1_array
  CWE: CWE-401


VERIFICATION FAILED
