Command: C:\Dev\Work\FormalVerification\tools\esbmc\bin\esbmc.exe harnesses\mosquitto\initial_packet_state_harness.c --unwind 4

ESBMC version 8.3.0 64-bit x86_64 windows
Target: 64-bit little-endian x86_64-unknown-windows with esbmclibc
Parsing harnesses\mosquitto\initial_packet_state_harness.c
Converting
Generating GOTO Program
GOTO program creation time: 1.558s
GOTO program processing time: 0.000s
Starting Bounded Model Checking
Symex completed in: 0.000s (22 assignments)
Caching time: 0.000s (removed 0 assertions)
Slicing time: 0.000s (removed 17 assignments)
Generated 1 VCC(s), 1 remaining after simplification (5 assignments)
No solver specified; defaulting to z3
Encoding remaining VCC(s) using bit-vector/floating-point arithmetic
Encoding to solver time: 0.010s
Solving with solver Z3 v4.13.3
Runtime decision procedure: 0.004s
Building error trace

[Counterexample]


State 1 file harnesses\mosquitto\initial_packet_state_harness.c line 38 column 5 function main thread 0
----------------------------------------------------
  byte = 48 (00110000)

State 3 file harnesses\mosquitto\initial_packet_state_harness.c line 45 column 5 function main thread 0
----------------------------------------------------
Violated property:
  file harnesses\mosquitto\initial_packet_state_harness.c line 45 column 5 function main
  CVE-2023-0809: broker vulneravel aceita PUBLISH antes de CONNECT
  rc != 0


VERIFICATION FAILED
