Command: C:\Dev\Work\FormalVerification\tools\esbmc\bin\esbmc.exe harnesses\mosquitto\packet_recv_initial_command_harness.c esbmc_models\network_stubs.c --unwind 4 --no-unwinding-assertions

ESBMC version 8.3.0 64-bit x86_64 windows
Target: 64-bit little-endian x86_64-unknown-windows with esbmclibc
Parsing harnesses\mosquitto\packet_recv_initial_command_harness.c
Parsing esbmc_models\network_stubs.c
In file included from harnesses\mosquitto\packet_recv_initial_command_harness.c:1:
esbmc_models\network_stubs.c:124:5: warning: external function 'select' declared with incompatible types in different translation units ('int (int, fd_set_stub *, fd_set_stub *, fd_set_stub *, struct timeval_stub *)' vs. 'int (int, fd_set *, fd_set *, fd_set *, struct timeval *)') [-Wodr]
  124 | int select(int nfds, fd_set_stub *readfds, fd_set_stub *writefds,
      |     ^
harnesses\mosquitto\../../esbmc_models/network_common.h:39:5: note: declared here with type 'int (int, fd_set *, fd_set *, fd_set *, struct timeval *)'
   39 | int select(int nfds, fd_set *readfds, fd_set *writefds,
      |     ^
In file included from harnesses\mosquitto\packet_recv_initial_command_harness.c:1:
esbmc_models\network_stubs.c:173:5: warning: external function 'poll' declared with incompatible types in different translation units ('int (struct pollfd_stub *, unsigned int, int)' vs. 'int (struct pollfd *, unsigned int, int)') [-Wodr]
  173 | int poll(struct pollfd_stub *fds, unsigned int nfds, int timeout)
      |     ^
harnesses\mosquitto\../../esbmc_models/network_common.h:56:5: note: declared here with type 'int (struct pollfd *, unsigned int, int)'
   56 | int poll(struct pollfd *fds, unsigned int nfds, int timeout);
      |     ^
Converting
Generating GOTO Program
GOTO program creation time: 0.406s
GOTO program processing time: 0.000s
Starting Bounded Model Checking
Unwinding loop 7 iteration 1   file esbmc_models\network_stubs.c line 74 column 5 function recv
Symex completed in: 0.000s (50 assignments)
Caching time: 0.000s (removed 0 assertions)
Slicing time: 0.000s (removed 34 assignments)
Generated 4 VCC(s), 1 remaining after simplification (16 assignments)
No solver specified; defaulting to z3
Encoding remaining VCC(s) using bit-vector/floating-point arithmetic
Encoding to solver time: 0.000s
Solving with solver Z3 v4.13.3
Runtime decision procedure: 0.006s
Building error trace

[Counterexample]


State 1 file esbmc_models\network_stubs.c line 75 column 9 function recv thread 0
----------------------------------------------------
  p[(signed long long int)i] = 48 (00110000)

State 2 file esbmc_models\network_stubs.c line 77 column 5 function recv thread 0
----------------------------------------------------
  n = 1 (00000000 00000000 00000000 00000001)

State 4 file harnesses\mosquitto\packet_recv_initial_command_harness.c line 29 column 5 function read_first_byte thread 0
----------------------------------------------------
  n = 1 (00000000 00000000 00000000 00000001)

State 6 file harnesses\mosquitto\packet_recv_initial_command_harness.c line 64 column 5 function main thread 0
----------------------------------------------------
Violated property:
  file harnesses\mosquitto\packet_recv_initial_command_harness.c line 64 column 5 function main
  CVE-2023-0809 (recv): broker aceita PUBLISH antes de CONNECT
  rc != 0


VERIFICATION FAILED
