Command: esbmc harnesses\mosquitto\qos2_dup_leak_harness.c --unwind 8 --memory-leak-check

esbmc.exe : Target: 64-bit little-endian x86_64-unknown-windows with esbmclibc
At C:\Users\gustavo.lima\AppData\Local\Temp\ps-script-4d261bdc-48d6-4837-b73f-70f877c3940e.ps1:106 char:3
+   & $ESBMC $j[1] $j[2] 2>&1 | Out-File $log -Append -Encoding utf8
+   ~~~~~~~~~~~~~~~~~~~~~~~~~
    + CategoryInfo          : NotSpecified: (Target: 64-bit ... with esbmclibc:String) [], RemoteException
    + FullyQualifiedErrorId : NativeCommandError
 
Parsing harnesses\mosquitto\qos2_dup_leak_harness.c
Converting
Generating GOTO Program
GOTO program creation time: 0.484s
GOTO program processing time: 0.000s
Starting Bounded Model Checking
Symex completed in: 0.018s (268 assignments)
Caching time: 0.000s (removed 23 assertions)
Slicing time: 0.005s (removed 95 assignments)
Generated 127 VCC(s), 63 remaining after simplification (150 assignments)
No solver specified; defaulting to z3
Encoding remaining VCC(s) using bit-vector/floating-point arithmetic
Encoding to solver time: 0.006s
Solving with solver Z3 v4.13.3
Runtime decision procedure: 0.633s
Building error trace

[Counterexample]


State 1 file harnesses\mosquitto\qos2_dup_leak_harness.c line 55 column 5 function handle_qos2_dup_vulnerable thread 0
----------------------------------------------------
  node = ( struct inflight_msg *)0

State 2 file harnesses\mosquitto\qos2_dup_leak_harness.c line 75 column 5 function main thread 0
----------------------------------------------------
  again = 1 (00000000 00000000 00000000 00000001)

State 4 file harnesses\mosquitto\qos2_dup_leak_harness.c line 31 column 5 function handle_qos2_dup_vulnerable thread 0
----------------------------------------------------
  existing = 0

State 16 file harnesses\mosquitto\qos2_dup_leak_harness.c line 55 column 5 function handle_qos2_dup_vulnerable thread 0
----------------------------------------------------
  node = ( struct inflight_msg *)(&dynamic_7_array[0])

State 24 file harnesses\mosquitto\qos2_dup_leak_harness.c line 85 column 1 function main thread 0
----------------------------------------------------
Violated property:
  file harnesses\mosquitto\qos2_dup_leak_harness.c line 85 column 1 function main
  dereference failure: forgotten memory: dynamic_1_array
  CWE: CWE-401


VERIFICATION FAILED
ESBMC version 8.3.0 64-bit x86_64 windows
