Command: esbmc harnesses\mosquitto\varint_harness.c --unwind 8 --no-unwinding-assertions

esbmc.exe : Target: 64-bit little-endian x86_64-unknown-windows with esbmclibc
At C:\Users\gustavo.lima\AppData\Local\Temp\ps-script-4d261bdc-48d6-4837-b73f-70f877c3940e.ps1:106 char:3
+   & $ESBMC $j[1] $j[2] 2>&1 | Out-File $log -Append -Encoding utf8
+   ~~~~~~~~~~~~~~~~~~~~~~~~~
    + CategoryInfo          : NotSpecified: (Target: 64-bit ... with esbmclibc:String) [], RemoteException
    + FullyQualifiedErrorId : NativeCommandError
 
Parsing harnesses\mosquitto\varint_harness.c
Converting
Generating GOTO Program
GOTO program creation time: 0.416s
GOTO program processing time: 0.001s
Starting Bounded Model Checking
Unwinding loop 4 iteration 1   file harnesses\mosquitto\varint_harness.c line 72 column 5 function main
Unwinding loop 4 iteration 2   file harnesses\mosquitto\varint_harness.c line 72 column 5 function main
Unwinding loop 4 iteration 3   file harnesses\mosquitto\varint_harness.c line 72 column 5 function main
Unwinding loop 4 iteration 4   file harnesses\mosquitto\varint_harness.c line 72 column 5 function main
Unwinding loop 4 iteration 5   file harnesses\mosquitto\varint_harness.c line 72 column 5 function main
Unwinding loop 3 iteration 1   file harnesses\mosquitto\varint_harness.c line 41 column 5 function packet__read_varint
Unwinding loop 3 iteration 2   file harnesses\mosquitto\varint_harness.c line 41 column 5 function packet__read_varint
Unwinding loop 3 iteration 3   file harnesses\mosquitto\varint_harness.c line 41 column 5 function packet__read_varint
Unwinding loop 3 iteration 4   file harnesses\mosquitto\varint_harness.c line 41 column 5 function packet__read_varint
Symex completed in: 0.008s (170 assignments)
Caching time: 0.000s (removed 0 assertions)
Slicing time: 0.000s (removed 99 assignments)
Generated 113 VCC(s), 7 remaining after simplification (71 assignments)
No solver specified; defaulting to z3
Encoding remaining VCC(s) using bit-vector/floating-point arithmetic
Encoding to solver time: 0.001s
Solving with solver Z3 v4.13.3
Runtime decision procedure: 0.010s
BMC program time: 0.025s

VERIFICATION SUCCESSFUL
ESBMC version 8.3.0 64-bit x86_64 windows
