Target: 64-bit little-endian x86_64-unknown-windows with esbmclibc
Parsing harnesses\mosquitto\varint_harness.c
Converting
Generating GOTO Program
GOTO program creation time: 0.418s
GOTO program processing time: 0.000s
Starting Bounded Model Checking
Unwinding loop 4 iteration 1   file harnesses\mosquitto\varint_harness.c line 72 column 5 function main
Unwinding loop 4 iteration 2   file harnesses\mosquitto\varint_harness.c line 72 column 5 function main
Unwinding loop 4 iteration 3   file harnesses\mosquitto\varint_harness.c line 72 column 5 function main
Unwinding loop 4 iteration 4   file harnesses\mosquitto\varint_harness.c line 72 column 5 function main
Unwinding loop 4 iteration 5   file harnesses\mosquitto\varint_harness.c line 72 column 5 function main
Unwinding loop 3 iteration 1   file harnesses\mosquitto\varint_harness.c line 41 column 5 function packet__read_varint
Unwinding loop 3 iteration 2   file harnesses\mosquitto\varint_harness.c line 41 column 5 function packet__read_varint
Unwinding loop 3 iteration 3   file harnesses\mosquitto\varint_harness.c line 41 column 5 function packet__read_varint
Unwinding loop 3 iteration 4   file harnesses\mosquitto\varint_harness.c line 41 column 5 function packet__read_varint
Symex completed in: 0.018s (201 assignments)
Caching time: 0.000s (removed 1 assertions)
Slicing time: 0.000s (removed 99 assignments)
Generated 156 VCC(s), 37 remaining after simplification (101 assignments)
No solver specified; defaulting to z3
Encoding remaining VCC(s) using bit-vector/floating-point arithmetic
Encoding to solver time: 0.000s
Solving with solver Z3 v4.13.3
Runtime decision procedure: 0.012s
BMC program time: 0.036s

VERIFICATION SUCCESSFUL
ESBMC version 8.2.0 64-bit x86_64 windows
