Command: esbmc harnesses\mosquitto\will_properties_memleak_harness.c --unwind 8 --memory-leak-check

esbmc.exe : Target: 64-bit little-endian x86_64-unknown-windows with esbmclibc
At C:\Users\gustavo.lima\AppData\Local\Temp\ps-script-4d261bdc-48d6-4837-b73f-70f877c3940e.ps1:106 char:3
+   & $ESBMC $j[1] $j[2] 2>&1 | Out-File $log -Append -Encoding utf8
+   ~~~~~~~~~~~~~~~~~~~~~~~~~
    + CategoryInfo          : NotSpecified: (Target: 64-bit ... with esbmclibc:String) [], RemoteException
    + FullyQualifiedErrorId : NativeCommandError
 
Parsing harnesses\mosquitto\will_properties_memleak_harness.c
Converting
Generating GOTO Program
GOTO program creation time: 0.393s
GOTO program processing time: 0.001s
Starting Bounded Model Checking
Symex completed in: 0.001s (40 assignments)
Caching time: 0.000s (removed 0 assertions)
Slicing time: 0.000s (removed 34 assignments)
Generated 3 VCC(s), 1 remaining after simplification (6 assignments)
No solver specified; defaulting to z3
Encoding remaining VCC(s) using bit-vector/floating-point arithmetic
Encoding to solver time: 0.000s
Solving with solver Z3 v4.13.3
Runtime decision procedure: 0.002s
Building error trace

[Counterexample]


State 1 file harnesses\mosquitto\will_properties_memleak_harness.c line 67 column 5 function main thread 0
----------------------------------------------------
  prop_type = 8 (00001000)

State 3 file harnesses\mosquitto\will_properties_memleak_harness.c line 76 column 1 function main thread 0
----------------------------------------------------
Violated property:
  file harnesses\mosquitto\will_properties_memleak_harness.c line 76 column 1 function main
  dereference failure: forgotten memory: dynamic_1_array
  CWE: CWE-401


VERIFICATION FAILED
ESBMC version 8.3.0 64-bit x86_64 windows
