This is pdfTeX, Version 3.141592653-2.6-1.40.29 (MiKTeX 26.2) (preloaded format=pdflatex 2026.5.11)  17 MAY 2026 23:25
entering extended mode
 restricted \write18 enabled.
 %&-line parsing enabled.
**./main.tex
(main.tex
LaTeX2e <2025-11-01>
L3 programming layer <2026-03-20>
(IEEEtran.cls
Document Class: IEEEtran 2015/08/26 V1.8b by Michael Shell
-- See the "IEEEtran_HOWTO" manual for usage information.
-- http://www.michaelshell.org/tex/ieeetran/
\@IEEEtrantmpdimenA=\dimen150
\@IEEEtrantmpdimenB=\dimen151
\@IEEEtrantmpdimenC=\dimen152
\@IEEEtrantmpcountA=\count275
\@IEEEtrantmpcountB=\count276
\@IEEEtrantmpcountC=\count277
\@IEEEtrantmptoksA=\toks17
LaTeX Font Info:    Trying to load font information for OT1+ptm on input line 5
03.

(C:\Users\gustavo.lima\AppData\Local\Programs\MiKTeX\tex/latex/psnfss\ot1ptm.fd
File: ot1ptm.fd 2001/06/04 font definitions for OT1/ptm.
)
-- Using 8.5in x 11in (letter) paper.
-- Using PDF output.
\@IEEEnormalsizeunitybaselineskip=\dimen153
-- This is a 10 point document.
LaTeX Encoding Info:    Redeclaring text command \textunderscore (encoding ?) o
n input line 937.
\CLASSINFOnormalsizebaselineskip=\dimen154
\CLASSINFOnormalsizeunitybaselineskip=\dimen155
\IEEEnormaljot=\dimen156
LaTeX Font Info:    Font shape `OT1/ptm/bx/n' in size <5> not available
(Font)              Font shape `OT1/ptm/b/n' tried instead on input line 1090.
LaTeX Font Info:    Font shape `OT1/ptm/bx/it' in size <5> not available
(Font)              Font shape `OT1/ptm/b/it' tried instead on input line 1090.

LaTeX Font Info:    Font shape `OT1/ptm/bx/n' in size <7> not available
(Font)              Font shape `OT1/ptm/b/n' tried instead on input line 1090.
LaTeX Font Info:    Font shape `OT1/ptm/bx/it' in size <7> not available
(Font)              Font shape `OT1/ptm/b/it' tried instead on input line 1090.

LaTeX Font Info:    Font shape `OT1/ptm/bx/n' in size <8> not available
(Font)              Font shape `OT1/ptm/b/n' tried instead on input line 1090.
LaTeX Font Info:    Font shape `OT1/ptm/bx/it' in size <8> not available
(Font)              Font shape `OT1/ptm/b/it' tried instead on input line 1090.

LaTeX Font Info:    Font shape `OT1/ptm/bx/n' in size <9> not available
(Font)              Font shape `OT1/ptm/b/n' tried instead on input line 1090.
LaTeX Font Info:    Font shape `OT1/ptm/bx/it' in size <9> not available
(Font)              Font shape `OT1/ptm/b/it' tried instead on input line 1090.

LaTeX Font Info:    Font shape `OT1/ptm/bx/n' in size <10> not available
(Font)              Font shape `OT1/ptm/b/n' tried instead on input line 1090.
LaTeX Font Info:    Font shape `OT1/ptm/bx/it' in size <10> not available
(Font)              Font shape `OT1/ptm/b/it' tried instead on input line 1090.

LaTeX Font Info:    Font shape `OT1/ptm/bx/n' in size <11> not available
(Font)              Font shape `OT1/ptm/b/n' tried instead on input line 1090.
LaTeX Font Info:    Font shape `OT1/ptm/bx/it' in size <11> not available
(Font)              Font shape `OT1/ptm/b/it' tried instead on input line 1090.

LaTeX Font Info:    Font shape `OT1/ptm/bx/n' in size <12> not available
(Font)              Font shape `OT1/ptm/b/n' tried instead on input line 1090.
LaTeX Font Info:    Font shape `OT1/ptm/bx/it' in size <12> not available
(Font)              Font shape `OT1/ptm/b/it' tried instead on input line 1090.

LaTeX Font Info:    Font shape `OT1/ptm/bx/n' in size <17> not available
(Font)              Font shape `OT1/ptm/b/n' tried instead on input line 1090.
LaTeX Font Info:    Font shape `OT1/ptm/bx/it' in size <17> not available
(Font)              Font shape `OT1/ptm/b/it' tried instead on input line 1090.

LaTeX Font Info:    Font shape `OT1/ptm/bx/n' in size <20> not available
(Font)              Font shape `OT1/ptm/b/n' tried instead on input line 1090.
LaTeX Font Info:    Font shape `OT1/ptm/bx/it' in size <20> not available
(Font)              Font shape `OT1/ptm/b/it' tried instead on input line 1090.

LaTeX Font Info:    Font shape `OT1/ptm/bx/n' in size <24> not available
(Font)              Font shape `OT1/ptm/b/n' tried instead on input line 1090.
LaTeX Font Info:    Font shape `OT1/ptm/bx/it' in size <24> not available
(Font)              Font shape `OT1/ptm/b/it' tried instead on input line 1090.

\IEEEquantizedlength=\dimen157
\IEEEquantizedlengthdiff=\dimen158
\IEEEquantizedtextheightdiff=\dimen159
\IEEEilabelindentA=\dimen160
\IEEEilabelindentB=\dimen161
\IEEEilabelindent=\dimen162
\IEEEelabelindent=\dimen163
\IEEEdlabelindent=\dimen164
\IEEElabelindent=\dimen165
\IEEEiednormlabelsep=\dimen166
\IEEEiedmathlabelsep=\dimen167
\IEEEiedtopsep=\skip49
\c@section=\count278
\c@subsection=\count279
\c@subsubsection=\count280
\c@paragraph=\count281
\c@IEEEsubequation=\count282
\abovecaptionskip=\skip50
\belowcaptionskip=\skip51
\c@figure=\count283
\c@table=\count284
\@IEEEeqnnumcols=\count285
\@IEEEeqncolcnt=\count286
\@IEEEsubeqnnumrollback=\count287
\@IEEEquantizeheightA=\dimen168
\@IEEEquantizeheightB=\dimen169
\@IEEEquantizeheightC=\dimen170
\@IEEEquantizeprevdepth=\dimen171
\@IEEEquantizemultiple=\count288
\@IEEEquantizeboxA=\box53
\@IEEEtmpitemindent=\dimen172
\IEEEPARstartletwidth=\dimen173
\c@IEEEbiography=\count289
\@IEEEtranrubishbin=\box54
)
** ATTENTION: Overriding command lockouts (line 2).

(C:\Users\gustavo.lima\AppData\Local\Programs\MiKTeX\tex/latex/base\fontenc.sty
Package: fontenc 2025/07/18 v2.1d Standard LaTeX package
LaTeX Font Info:    Trying to load font information for T1+ptm on input line 11
6.
(C:\Users\gustavo.lima\AppData\Local\Programs\MiKTeX\tex/latex/psnfss\t1ptm.fd
File: t1ptm.fd 2001/06/04 font definitions for T1/ptm.
))
(C:\Users\gustavo.lima\AppData\Local\Programs\MiKTeX\tex/latex/base\inputenc.st
y
Package: inputenc 2024/02/08 v1.3d Input encoding file
\inpenc@prehook=\toks18
\inpenc@posthook=\toks19
)
(C:\Users\gustavo.lima\AppData\Local\Programs\MiKTeX\tex/generic/babel\babel.st
y
Package: babel 2026/04/15 v26.6 The multilingual framework for LuaLaTeX, pdfLaT
eX and XeLaTeX
\babel@savecnt=\count290
LaTeX Encoding Info:    Redeclaring text command \ij (encoding OT1) on input li
ne 2078.
LaTeX Encoding Info:    Redeclaring text command \IJ (encoding OT1) on input li
ne 2080.
LaTeX Encoding Info:    Redeclaring text command \ij (encoding T1) on input lin
e 2082.
LaTeX Encoding Info:    Redeclaring text command \IJ (encoding T1) on input lin
e 2083.
LaTeX Encoding Info:    Ignoring declaration for text command \ij (encoding ?) 
on input line 2084.
LaTeX Encoding Info:    Ignoring declaration for text command \IJ (encoding ?) 
on input line 2086.
LaTeX Encoding Info:    Ignoring declaration for text command \SS (encoding ?) 
on input line 2111.
\U@D=\dimen174
\l@unhyphenated=\language79

(C:\Users\gustavo.lima\AppData\Local\Programs\MiKTeX\tex/generic/babel\txtbabel
.def)
\bbl@readstream=\read2
\bbl@dirlevel=\count291
Package babel Info: Configuration files are deprecated, as
(babel)             they can break document portability.
(babel)             Reported on input line 4206.

*************************************
* Local config file bblopts.cfg used
*

(C:\Users\gustavo.lima\AppData\Local\Programs\MiKTeX\tex/latex/arabi\bblopts.cf
g
File: bblopts.cfg 2005/09/08 v0.1 add Arabic and Farsi to "declared" options of
 babel
)
(C:\Users\gustavo.lima\AppData\Local\Programs\MiKTeX\tex/generic/babel/locale/p
t\babel-brazilian.tex)
Package babel Info: Importing font and identification data for brazilian
(babel)             from babel-pt-BR.ini. Reported on input line 4330.

(C:\Users\gustavo.lima\AppData\Local\Programs\MiKTeX\tex/latex/babel-portuges\b
razilian.ldf
Language: portuges 2026/01/24 v1.2u Portuguese support from the babel system
Package babel Info: Hyphen rules for 'brazilian' set to \l@portuguese
(babel)             (\language56). Reported on input line 100.
Package babel Info: Making " an active character on input line 132.
))
(C:\Users\gustavo.lima\AppData\Local\Programs\MiKTeX\tex/latex/cite\cite.sty
LaTeX Info: Redefining \cite on input line 302.
LaTeX Info: Redefining \nocite on input line 332.
Package: cite 2015/02/27  v 5.5
)
(C:\Users\gustavo.lima\AppData\Local\Programs\MiKTeX\tex/latex/amsmath\amsmath.
sty
Package: amsmath 2025/07/09 v2.17z AMS math features
\@mathmargin=\skip52

For additional information on amsmath, use the `?' option.

(C:\Users\gustavo.lima\AppData\Local\Programs\MiKTeX\tex/latex/amsmath\amstext.
sty
Package: amstext 2024/11/17 v2.01 AMS text

(C:\Users\gustavo.lima\AppData\Local\Programs\MiKTeX\tex/latex/amsmath\amsgen.s
ty
File: amsgen.sty 1999/11/30 v2.0 generic functions
\@emptytoks=\toks20
\ex@=\dimen175
))
(C:\Users\gustavo.lima\AppData\Local\Programs\MiKTeX\tex/latex/amsmath\amsbsy.s
ty
Package: amsbsy 1999/11/29 v1.2d Bold Symbols
\pmbraise@=\dimen176
)
(C:\Users\gustavo.lima\AppData\Local\Programs\MiKTeX\tex/latex/amsmath\amsopn.s
ty
Package: amsopn 2022/04/08 v2.04 operator names
)
\inf@bad=\count292
LaTeX Info: Redefining \frac on input line 233.
\uproot@=\count293
\leftroot@=\count294
LaTeX Info: Redefining \overline on input line 398.
LaTeX Info: Redefining \colon on input line 409.
\classnum@=\count295
\DOTSCASE@=\count296
LaTeX Info: Redefining \ldots on input line 495.
LaTeX Info: Redefining \dots on input line 498.
LaTeX Info: Redefining \cdots on input line 619.
\Mathstrutbox@=\box55
\strutbox@=\box56
LaTeX Info: Redefining \big on input line 721.
LaTeX Info: Redefining \Big on input line 722.
LaTeX Info: Redefining \bigg on input line 723.
LaTeX Info: Redefining \Bigg on input line 724.
\big@size=\dimen177
LaTeX Font Info:    Redeclaring font encoding OML on input line 742.
LaTeX Font Info:    Redeclaring font encoding OMS on input line 743.
\macc@depth=\count297
LaTeX Info: Redefining \bmod on input line 904.
LaTeX Info: Redefining \pmod on input line 909.
LaTeX Info: Redefining \smash on input line 939.
LaTeX Info: Redefining \relbar on input line 969.
LaTeX Info: Redefining \Relbar on input line 970.
\c@MaxMatrixCols=\count298
\dotsspace@=\muskip17
\c@parentequation=\count299
\dspbrk@lvl=\count300
\tag@help=\toks21
\row@=\count301
\column@=\count302
\maxfields@=\count303
\andhelp@=\toks22
\eqnshift@=\dimen178
\alignsep@=\dimen179
\tagshift@=\dimen180
\tagwidth@=\dimen181
\totwidth@=\dimen182
\lineht@=\dimen183
\@envbody=\toks23
\multlinegap=\skip53
\multlinetaggap=\skip54
\mathdisplay@stack=\toks24
LaTeX Info: Redefining \[ on input line 2950.
LaTeX Info: Redefining \] on input line 2951.
)
(C:\Users\gustavo.lima\AppData\Local\Programs\MiKTeX\tex/latex/amsfonts\amssymb
.sty
Package: amssymb 2013/01/14 v3.01 AMS font symbols

(C:\Users\gustavo.lima\AppData\Local\Programs\MiKTeX\tex/latex/amsfonts\amsfont
s.sty
Package: amsfonts 2013/01/14 v3.01 Basic AMSFonts support
\symAMSa=\mathgroup4
\symAMSb=\mathgroup5
LaTeX Font Info:    Redeclaring math symbol \hbar on input line 98.
LaTeX Font Info:    Overwriting math alphabet `\mathfrak' in version `bold'
(Font)                  U/euf/m/n --> U/euf/b/n on input line 106.
))
(C:\Users\gustavo.lima\AppData\Local\Programs\MiKTeX\tex/latex/graphics\graphic
x.sty
Package: graphicx 2024/12/31 v1.2e Enhanced LaTeX Graphics (DPC,SPQR)

(C:\Users\gustavo.lima\AppData\Local\Programs\MiKTeX\tex/latex/graphics\keyval.
sty
Package: keyval 2022/05/29 v1.15 key=value parser (DPC)
\KV@toks@=\toks25
)
(C:\Users\gustavo.lima\AppData\Local\Programs\MiKTeX\tex/latex/graphics\graphic
s.sty
Package: graphics 2024/08/06 v1.4g Standard LaTeX Graphics (DPC,SPQR)

(C:\Users\gustavo.lima\AppData\Local\Programs\MiKTeX\tex/latex/graphics\trig.st
y
Package: trig 2023/12/02 v1.11 sin cos tan (DPC)
)
(C:\Users\gustavo.lima\AppData\Local\Programs\MiKTeX\tex/latex/graphics-cfg\gra
phics.cfg
File: graphics.cfg 2016/06/04 v1.11 sample graphics configuration
)
Package graphics Info: Driver file: pdftex.def on input line 106.

(C:\Users\gustavo.lima\AppData\Local\Programs\MiKTeX\tex/latex/graphics-def\pdf
tex.def
File: pdftex.def 2025/09/29 v1.2d Graphics/color driver for pdftex
))
\Gin@req@height=\dimen184
\Gin@req@width=\dimen185
)
(C:\Users\gustavo.lima\AppData\Local\Programs\MiKTeX\tex/latex/base\textcomp.st
y
Package: textcomp 2024/04/24 v2.1b Standard LaTeX package
)
(C:\Users\gustavo.lima\AppData\Local\Programs\MiKTeX\tex/latex/xcolor\xcolor.st
y
Package: xcolor 2024/09/29 v3.02 LaTeX color extensions (UK)

(C:\Users\gustavo.lima\AppData\Local\Programs\MiKTeX\tex/latex/graphics-cfg\col
or.cfg
File: color.cfg 2016/01/02 v1.6 sample color configuration
)
Package xcolor Info: Driver file: pdftex.def on input line 274.

(C:\Users\gustavo.lima\AppData\Local\Programs\MiKTeX\tex/latex/graphics\mathcol
or.ltx)
Package xcolor Info: Model `cmy' substituted by `cmy0' on input line 1349.
Package xcolor Info: Model `hsb' substituted by `rgb' on input line 1353.
Package xcolor Info: Model `RGB' extended on input line 1365.
Package xcolor Info: Model `HTML' substituted by `rgb' on input line 1367.
Package xcolor Info: Model `Hsb' substituted by `hsb' on input line 1368.
Package xcolor Info: Model `tHsb' substituted by `hsb' on input line 1369.
Package xcolor Info: Model `HSB' substituted by `hsb' on input line 1370.
Package xcolor Info: Model `Gray' substituted by `gray' on input line 1371.
Package xcolor Info: Model `wave' substituted by `hsb' on input line 1372.
)
(C:\Users\gustavo.lima\AppData\Local\Programs\MiKTeX\tex/latex/url\url.sty
\Urlmuskip=\muskip18
Package: url 2013/09/16  ver 3.4  Verb mode for urls, etc.
)
(C:\Users\gustavo.lima\AppData\Local\Programs\MiKTeX\tex/latex/l3backend\l3back
end-pdftex.def
File: l3backend-pdftex.def 2026-02-18 L3 backend support: PDF output (pdfTeX)
\l__color_backend_stack_int=\count304
) (main.aux
Package babel Info: 'brazilian' activates 'portuges' shorthands.
(babel)             Reported on input line 8.
)
\openout1 = `main.aux'.

LaTeX Font Info:    Checking defaults for OML/cmm/m/it on input line 16.
LaTeX Font Info:    ... okay on input line 16.
LaTeX Font Info:    Checking defaults for OMS/cmsy/m/n on input line 16.
LaTeX Font Info:    ... okay on input line 16.
LaTeX Font Info:    Checking defaults for OT1/cmr/m/n on input line 16.
LaTeX Font Info:    ... okay on input line 16.
LaTeX Font Info:    Checking defaults for T1/cmr/m/n on input line 16.
LaTeX Font Info:    ... okay on input line 16.
LaTeX Font Info:    Checking defaults for TS1/cmr/m/n on input line 16.
LaTeX Font Info:    ... okay on input line 16.
LaTeX Font Info:    Checking defaults for OMX/cmex/m/n on input line 16.
LaTeX Font Info:    ... okay on input line 16.
LaTeX Font Info:    Checking defaults for U/cmr/m/n on input line 16.
LaTeX Font Info:    ... okay on input line 16.

-- Lines per column: 56 (exact).

(C:\Users\gustavo.lima\AppData\Local\Programs\MiKTeX\tex/context/base/mkii\supp
-pdf.mkii
[Loading MPS to PDF converter (version 2006.09.02).]
\scratchcounter=\count305
\scratchdimen=\dimen186
\scratchbox=\box57
\nofMPsegments=\count306
\nofMParguments=\count307
\everyMPshowfont=\toks26
\MPscratchCnt=\count308
\MPscratchDim=\dimen187
\MPnumerator=\count309
\makeMPintoPDFobject=\count310
\everyMPtoPDFconversion=\toks27
)
(C:\Users\gustavo.lima\AppData\Local\Programs\MiKTeX\tex/latex/epstopdf-pkg\eps
topdf-base.sty
Package: epstopdf-base 2020-01-24 v2.11 Base part for package epstopdf
Package epstopdf-base Info: Redefining graphics rule for `.eps' on input line 4
85.

(C:\Users\gustavo.lima\AppData\Local\Programs\MiKTeX\tex/latex/00miktex\epstopd
f-sys.cfg
File: epstopdf-sys.cfg 2021/03/18 v2.0 Configuration of epstopdf for MiKTeX
))
LaTeX Font Info:    Trying to load font information for T1+pcr on input line 56
.

(C:\Users\gustavo.lima\AppData\Local\Programs\MiKTeX\tex/latex/psnfss\t1pcr.fd
File: t1pcr.fd 2001/06/04 font definitions for T1/pcr.
)
Underfull \hbox (badness 2285) in paragraph at lines 87--88
[]\T1/ptm/m/n/10 Reproduzir CVEs his-tó-ri-cos do Mos-quitto com o
 []

[1{C:/Users/gustavo.lima/AppData/Local/MiKTeX/fonts/map/pdftex/pdftex.map}{C:/U
sers/gustavo.lima/AppData/Local/Programs/MiKTeX/fonts/enc/dvips/base/8r.enc}


]
(main.bbl
LaTeX Font Info:    Trying to load font information for U+msa on input line 26.


(C:\Users\gustavo.lima\AppData\Local\Programs\MiKTeX\tex/latex/amsfonts\umsa.fd
File: umsa.fd 2013/01/14 v3.01 AMS symbols A
)
LaTeX Font Info:    Trying to load font information for U+msb on input line 26.


(C:\Users\gustavo.lima\AppData\Local\Programs\MiKTeX\tex/latex/amsfonts\umsb.fd
File: umsb.fd 2013/01/14 v3.01 AMS symbols B
))

** Conference Paper **
Before submitting the final camera ready copy, remember to:

 1. Manually equalize the lengths of two columns on the last page
 of your paper;

 2. Ensure that any PostScript and/or PDF output post-processing
 uses only Type 1 fonts and that every step in the generation
 process uses the appropriate paper size.

[2

] (main.aux)
 ***********
LaTeX2e <2025-11-01>
L3 programming layer <2026-03-20>
 ***********
 ) 
Here is how much of TeX's memory you used:
 5555 strings out of 467690
 89843 string characters out of 5411577
 520944 words of memory out of 5000000
 34546 multiletter control sequences out of 15000+600000
 733322 words of font info for 146 fonts, out of 8000000 for 9000
 1141 hyphenation exceptions out of 8191
 57i,8n,65p,744b,379s stack positions out of 10000i,1000n,20000p,200000b,200000s
<C:/Users/gustavo.lima/AppData/Local/Programs/MiKTeX/fonts/type1/urw/courier/
ucrr8a.pfb><C:/Users/gustavo.lima/AppData/Local/Programs/MiKTeX/fonts/type1/urw
/times/utmb8a.pfb><C:/Users/gustavo.lima/AppData/Local/Programs/MiKTeX/fonts/ty
pe1/urw/times/utmbi8a.pfb><C:/Users/gustavo.lima/AppData/Local/Programs/MiKTeX/
fonts/type1/urw/times/utmr8a.pfb><C:/Users/gustavo.lima/AppData/Local/Programs/
MiKTeX/fonts/type1/urw/times/utmri8a.pfb>
Output written on main.pdf (2 pages, 85258 bytes).
PDF statistics:
 35 PDF objects out of 1000 (max. 8388607)
 0 named destinations out of 1000 (max. 500000)
 1 words of extra memory for PDF output out of 10000 (max. 10000000)

